Using pre-set license
Built from '2021.3/staging' branch; Version is '2021.3.16f1 (4016570cf34f) revision 4200023'; Using compiler version '192829333'; Build Type 'Release'
OS: 'Windows 10  (10.0.18362) 64bit Professional' Language: 'ko' Physical Memory: 16221 MB
BatchMode: 1, IsHumanControllingUs: 0, StartBugReporterOnCrash: 0, Is64bit: 1, IsPro: 1

COMMAND LINE ARGUMENTS:
C:\Program Files\Unity\Hub\Editor\2021.3.16f1\Editor\Unity.exe
-adb2
-batchMode
-noUpm
-name
AssetImportWorker8
-projectPath
C:/Users/Administrator/Desktop/weekJi/normalRPG
-logFile
Logs/AssetImportWorker8.log
-srvPort
14457
Successfully changed project path to: C:/Users/Administrator/Desktop/weekJi/normalRPG
C:/Users/Administrator/Desktop/weekJi/normalRPG
[UnityMemory] Configuration Parameters - Can be set up in boot.config
    "memorysetup-bucket-allocator-granularity=16"
    "memorysetup-bucket-allocator-bucket-count=8"
    "memorysetup-bucket-allocator-block-size=33554432"
    "memorysetup-bucket-allocator-block-count=8"
    "memorysetup-main-allocator-block-size=16777216"
    "memorysetup-thread-allocator-block-size=16777216"
    "memorysetup-gfx-main-allocator-block-size=16777216"
    "memorysetup-gfx-thread-allocator-block-size=16777216"
    "memorysetup-cache-allocator-block-size=4194304"
    "memorysetup-typetree-allocator-block-size=2097152"
    "memorysetup-profiler-bucket-allocator-granularity=16"
    "memorysetup-profiler-bucket-allocator-bucket-count=8"
    "memorysetup-profiler-bucket-allocator-block-size=33554432"
    "memorysetup-profiler-bucket-allocator-block-count=8"
    "memorysetup-profiler-allocator-block-size=16777216"
    "memorysetup-profiler-editor-allocator-block-size=1048576"
    "memorysetup-temp-allocator-size-main=16777216"
    "memorysetup-job-temp-allocator-block-size=2097152"
    "memorysetup-job-temp-allocator-block-size-background=1048576"
    "memorysetup-job-temp-allocator-reduction-small-platforms=262144"
    "memorysetup-temp-allocator-size-background-worker=32768"
    "memorysetup-temp-allocator-size-job-worker=262144"
    "memorysetup-temp-allocator-size-preload-manager=33554432"
    "memorysetup-temp-allocator-size-nav-mesh-worker=65536"
    "memorysetup-temp-allocator-size-audio-worker=65536"
    "memorysetup-temp-allocator-size-cloud-worker=32768"
    "memorysetup-temp-allocator-size-gi-baking-worker=262144"
    "memorysetup-temp-allocator-size-gfx=262144"
Player connection [13544] Host "[IP] 192.168.1.49 [Port] 0 [Flags] 2 [Guid] 2269400535 [EditorId] 2269400535 [Version] 1048832 [Id] WindowsEditor(7,DESKTOP-DEG4QGE) [Debug] 1 [PackageName] WindowsEditor [ProjectName] Editor" joined multi-casting on [225.0.0.222:54997]...

Player connection [13544] Host "[IP] 192.168.1.49 [Port] 0 [Flags] 2 [Guid] 2269400535 [EditorId] 2269400535 [Version] 1048832 [Id] WindowsEditor(7,DESKTOP-DEG4QGE) [Debug] 1 [PackageName] WindowsEditor [ProjectName] Editor" joined alternative multi-casting on [225.0.0.222:34997]...

Refreshing native plugins compatible for Editor in 109.99 ms, found 3 plugins.
Preloading 0 native plugins for Editor in 0.00 ms.
Initialize engine version: 2021.3.16f1 (4016570cf34f)
[Subsystems] Discovering subsystems at path C:/Program Files/Unity/Hub/Editor/2021.3.16f1/Editor/Data/Resources/UnitySubsystems
[Subsystems] Discovering subsystems at path C:/Users/Administrator/Desktop/weekJi/normalRPG/Assets
GfxDevice: creating device client; threaded=0; jobified=0
Direct3D:
    Version:  Direct3D 11.0 [level 11.1]
    Renderer: Intel(R) UHD Graphics 630 (ID=0x9bc5)
    Vendor:   Intel
    VRAM:     8110 MB
    Driver:   31.0.101.2115
Initialize mono
Mono path[0] = 'C:/Program Files/Unity/Hub/Editor/2021.3.16f1/Editor/Data/Managed'
Mono path[1] = 'C:/Program Files/Unity/Hub/Editor/2021.3.16f1/Editor/Data/MonoBleedingEdge/lib/mono/unityjit-win32'
Mono config path = 'C:/Program Files/Unity/Hub/Editor/2021.3.16f1/Editor/Data/MonoBleedingEdge/etc'
Using monoOptions --debugger-agent=transport=dt_socket,embedding=1,server=y,suspend=n,address=127.0.0.1:56600
Begin MonoManager ReloadAssembly
Registering precompiled unity dll's ...
Register platform support module: C:/Program Files/Unity/Hub/Editor/2021.3.16f1/Editor/Data/PlaybackEngines/WebGLSupport/UnityEditor.WebGL.Extensions.dll
Register platform support module: C:/Program Files/Unity/Hub/Editor/2021.3.16f1/Editor/Data/PlaybackEngines/WindowsStandaloneSupport/UnityEditor.WindowsStandalone.Extensions.dll
Registered in 0.004897 seconds.
Native extension for WindowsStandalone target not found
Native extension for WebGL target not found
Refreshing native plugins compatible for Editor in 81.63 ms, found 3 plugins.
Preloading 0 native plugins for Editor in 0.00 ms.
Mono: successfully reloaded assembly
- Completed reload, in  0.649 seconds
Domain Reload Profiling:
	ReloadAssembly (650ms)
		BeginReloadAssembly (111ms)
			ExecutionOrderSort (0ms)
			DisableScriptedObjects (0ms)
			BackupInstance (0ms)
			ReleaseScriptingObjects (0ms)
			CreateAndSetChildDomain (1ms)
		EndReloadAssembly (429ms)
			LoadAssemblies (107ms)
			RebuildTransferFunctionScriptingTraits (0ms)
			SetupTypeCache (89ms)
			ReleaseScriptCaches (0ms)
			RebuildScriptCaches (23ms)
			SetupLoadedEditorAssemblies (273ms)
				LogAssemblyErrors (0ms)
				InitializePlatformSupportModulesInManaged (7ms)
				SetLoadedEditorAssemblies (0ms)
				RefreshPlugins (82ms)
				BeforeProcessingInitializeOnLoad (1ms)
				ProcessInitializeOnLoadAttributes (136ms)
				ProcessInitializeOnLoadMethodAttributes (47ms)
				AfterProcessingInitializeOnLoad (0ms)
				EditorAssembliesLoaded (0ms)
			ExecutionOrderSort2 (0ms)
			AwakeInstancesAfterBackupRestoration (0ms)
Platform modules already initialized, skipping
Registering precompiled user dll's ...
Registered in 0.006507 seconds.
Begin MonoManager ReloadAssembly
Symbol file LoadedFromMemory doesn't match image C:\Users\Administrator\Desktop\weekJi\normalRPG\Library\PackageCache\com.unity.visualscripting@1.7.8\Editor\VisualScripting.Core\Dependencies\YamlDotNet\Unity.VisualScripting.YamlDotNet.dll
Symbol file LoadedFromMemory doesn't match image C:\Users\Administrator\Desktop\weekJi\normalRPG\Library\PackageCache\com.unity.visualscripting@1.7.8\Editor\VisualScripting.Core\Dependencies\DotNetZip\Unity.VisualScripting.IonicZip.dll
Native extension for WindowsStandalone target not found
Native extension for WebGL target not found
Refreshing native plugins compatible for Editor in 0.53 ms, found 3 plugins.
Preloading 0 native plugins for Editor in 0.00 ms.
Mono: successfully reloaded assembly
- Completed reload, in  1.190 seconds
Domain Reload Profiling:
	ReloadAssembly (1191ms)
		BeginReloadAssembly (137ms)
			ExecutionOrderSort (0ms)
			DisableScriptedObjects (6ms)
			BackupInstance (0ms)
			ReleaseScriptingObjects (0ms)
			CreateAndSetChildDomain (19ms)
		EndReloadAssembly (937ms)
			LoadAssemblies (111ms)
			RebuildTransferFunctionScriptingTraits (0ms)
			SetupTypeCache (411ms)
			ReleaseScriptCaches (1ms)
			RebuildScriptCaches (44ms)
			SetupLoadedEditorAssemblies (341ms)
				LogAssemblyErrors (0ms)
				InitializePlatformSupportModulesInManaged (5ms)
				SetLoadedEditorAssemblies (0ms)
				RefreshPlugins (1ms)
				BeforeProcessingInitializeOnLoad (76ms)
				ProcessInitializeOnLoadAttributes (226ms)
				ProcessInitializeOnLoadMethodAttributes (21ms)
				AfterProcessingInitializeOnLoad (11ms)
				EditorAssembliesLoaded (0ms)
			ExecutionOrderSort2 (0ms)
			AwakeInstancesAfterBackupRestoration (5ms)
Platform modules already initialized, skipping
========================================================================
Worker process is ready to serve import requests
Launched and connected shader compiler UnityShaderCompiler.exe after 0.04 seconds
Refreshing native plugins compatible for Editor in 0.81 ms, found 3 plugins.
Preloading 0 native plugins for Editor in 0.00 ms.
Unloading 3361 Unused Serialized files (Serialized files now loaded: 0)
Unloading 27 unused Assets / (114.0 KB). Loaded Objects now: 3840.
Memory consumption went from 128.5 MB to 128.4 MB.
Total: 5.576300 ms (FindLiveObjects: 0.384200 ms CreateObjectMapping: 0.653500 ms MarkObjects: 4.285200 ms  DeleteObjects: 0.252300 ms)

AssetImportParameters requested are different than current active one (requested -> active):
  custom:video-decoder-ogg-theora: a1e56fd34408186e4bbccfd4996cb3dc -> 
  custom:container-muxer-webm: aa71ff27fc2769a1b78a27578f13a17b -> 
  custom:container-demuxer-webm: 4f35f7cbe854078d1ac9338744f61a02 -> 
  custom:video-encoder-webm-vp8: eb34c28f22e8b96e1ab97ce403110664 -> 
  custom:audio-encoder-webm-vorbis: bf7c407c2cedff20999df2af8eb42d56 -> 
  custom:framework-win-MediaFoundation: 216162199b28c13a410421893ffa2e32 -> 
  custom:container-demuxer-ogg: 62fdf1f143b41e24485cea50d1cbac27 -> 
  custom:video-decoder-webm-vp8: 9c59270c3fd7afecdb556c50c9e8de78 -> 
  custom:audio-decoder-ogg-vorbis: bf7c407c2cedff20999df2af8eb42d56 -> 
========================================================================
Received Import Request.
  Time since last request: 9743.441927 seconds.
  path: Assets/RPG Asset/RPG Monster Duo PBR Polyart/Prefabs/Slime.prefab
  artifactKey: Guid(a817c29ea6847604bb2c6c51d9a74bf1) Importer(815301076,1909f56bfc062723c751e8b465ee728b)
Start importing Assets/RPG Asset/RPG Monster Duo PBR Polyart/Prefabs/Slime.prefab using Guid(a817c29ea6847604bb2c6c51d9a74bf1) Importer(815301076,1909f56bfc062723c751e8b465ee728b)  -> (artifact id: 'd1ae2aa4a78f22a092769c4af99e00cb') in 0.217002 seconds 
========================================================================
Received Import Request.
  Time since last request: 0.000046 seconds.
  path: Assets/RPG Asset/SimpleNaturePack/Models/Tree_02.fbx
  artifactKey: Guid(4471b1f7f824e4d44887e1364c6fc61a) Importer(815301076,1909f56bfc062723c751e8b465ee728b)
Start importing Assets/RPG Asset/SimpleNaturePack/Models/Tree_02.fbx using Guid(4471b1f7f824e4d44887e1364c6fc61a) Importer(815301076,1909f56bfc062723c751e8b465ee728b)  -> (artifact id: 'b4234f95c2a47f4e6eae8a6e45ce1455') in 0.098625 seconds 
========================================================================
Received Import Request.
  Time since last request: 0.000065 seconds.
  path: Assets/RPG Asset/RPG Swords/sword_epic.FBX
  artifactKey: Guid(90c25ff0db82bf64cbc6b8e405018824) Importer(815301076,1909f56bfc062723c751e8b465ee728b)
Start importing Assets/RPG Asset/RPG Swords/sword_epic.FBX using Guid(90c25ff0db82bf64cbc6b8e405018824) Importer(815301076,1909f56bfc062723c751e8b465ee728b)  -> (artifact id: 'cbd0fb984ce4d9ac38f421636cf074e5') in 0.036836 seconds 
========================================================================
Received Import Request.
  Time since last request: 0.000055 seconds.
  path: Assets/RPG Asset/RPG Monster Duo PBR Polyart/Animations/TurtleShell/WalkLeft_TurtleShell_Anim.fbx
  artifactKey: Guid(8f9acbd44d63a84468cb5164f7f9a057) Importer(815301076,1909f56bfc062723c751e8b465ee728b)
Start importing Assets/RPG Asset/RPG Monster Duo PBR Polyart/Animations/TurtleShell/WalkLeft_TurtleShell_Anim.fbx using Guid(8f9acbd44d63a84468cb5164f7f9a057) Importer(815301076,1909f56bfc062723c751e8b465ee728b)  -> (artifact id: '069b2a79242bb261e5042406a5e6f9ac') in 0.042584 seconds 
========================================================================
Received Import Request.
  Time since last request: 0.000066 seconds.
  path: Assets/RPG Asset/SimpleNaturePack/Models/Tree_03.fbx
  artifactKey: Guid(69f0af3a0a6c73b4ab4b89eb82cdc488) Importer(815301076,1909f56bfc062723c751e8b465ee728b)
Start importing Assets/RPG Asset/SimpleNaturePack/Models/Tree_03.fbx using Guid(69f0af3a0a6c73b4ab4b89eb82cdc488) Importer(815301076,1909f56bfc062723c751e8b465ee728b)  -> (artifact id: '4ad225820054fb05fa12aa5b092e3723') in 0.026766 seconds 
========================================================================
Received Import Request.
  Time since last request: 0.000067 seconds.
  path: Assets/RPG Asset/SimpleNaturePack/Models/Stump_01.fbx
  artifactKey: Guid(768be665aba8b4e4aae7a973ae9616cf) Importer(815301076,1909f56bfc062723c751e8b465ee728b)
Start importing Assets/RPG Asset/SimpleNaturePack/Models/Stump_01.fbx using Guid(768be665aba8b4e4aae7a973ae9616cf) Importer(815301076,1909f56bfc062723c751e8b465ee728b)  -> (artifact id: 'cc8d5831ab9f9aa745a68cf5f3c590a7') in 0.039028 seconds 
========================================================================
Received Import Request.
  Time since last request: 0.000060 seconds.
  path: Assets/RPG Asset/RPG Monster Duo PBR Polyart/Animations/Slime/WalkBack_Slime_Anim.fbx
  artifactKey: Guid(34094b5c4dd5cd9438870be57749bf79) Importer(815301076,1909f56bfc062723c751e8b465ee728b)
Start importing Assets/RPG Asset/RPG Monster Duo PBR Polyart/Animations/Slime/WalkBack_Slime_Anim.fbx using Guid(34094b5c4dd5cd9438870be57749bf79) Importer(815301076,1909f56bfc062723c751e8b465ee728b)  -> (artifact id: '4b3604f611af74835cc446f51c027c07') in 0.056480 seconds 
========================================================================
Received Import Request.
  Time since last request: 0.000070 seconds.
  path: Assets/RPG Asset/SimpleNaturePack/Prefabs/Tree_02.prefab
  artifactKey: Guid(e289bf5debb17f6459818c207d781953) Importer(815301076,1909f56bfc062723c751e8b465ee728b)
Start importing Assets/RPG Asset/SimpleNaturePack/Prefabs/Tree_02.prefab using Guid(e289bf5debb17f6459818c207d781953) Importer(815301076,1909f56bfc062723c751e8b465ee728b)  -> (artifact id: 'cabced99adc4e760ccdf6b66c9a4ecbc') in 0.032524 seconds 
========================================================================
Received Import Request.
  Time since last request: 0.000112 seconds.
  path: Assets/RPG Asset/RPG Monster Duo PBR Polyart/Animations/Slime/Taunt_Slime_Anim.fbx
  artifactKey: Guid(4633f9c0f50bbb548a176fd4c0f5a0b9) Importer(815301076,1909f56bfc062723c751e8b465ee728b)
Start importing Assets/RPG Asset/RPG Monster Duo PBR Polyart/Animations/Slime/Taunt_Slime_Anim.fbx using Guid(4633f9c0f50bbb548a176fd4c0f5a0b9) Importer(815301076,1909f56bfc062723c751e8b465ee728b)  -> (artifact id: '488065a043976b46cbc6bafc7059e030') in 0.055237 seconds 
========================================================================
Received Import Request.
  Time since last request: 0.000059 seconds.
  path: Assets/RPG Asset/RPG Swords/sword01.FBX
  artifactKey: Guid(dd0682cd55d7f8342b8026ebb1cfc4a5) Importer(815301076,1909f56bfc062723c751e8b465ee728b)
Start importing Assets/RPG Asset/RPG Swords/sword01.FBX using Guid(dd0682cd55d7f8342b8026ebb1cfc4a5) Importer(815301076,1909f56bfc062723c751e8b465ee728b)  -> (artifact id: 'df02c00cb9409b88d4a5938dfad2793d') in 0.052887 seconds 
Editor requested this worker to shutdown with reason: Scaling down because of idle timeout
AssetImportWorker is now disconnected from the server
Process exiting
Exiting without the bug reporter. Application will terminate with return code 0